Using pre-set license
Built from '2021.3/staging' branch; Version is '2021.3.10f1 (1c7d0df0160b) revision 1867021'; Using compiler version '192829333'; Build Type 'Release'
OS: 'Windows 10  (10.0.19045) 64bit Education' Language: 'ko' Physical Memory: 16297 MB
BatchMode: 1, IsHumanControllingUs: 0, StartBugReporterOnCrash: 0, Is64bit: 1, IsPro: 1

COMMAND LINE ARGUMENTS:
C:\Program Files\Unity\Hub\Editor\2021.3.10f1\Editor\Unity.exe
-adb2
-batchMode
-noUpm
-name
AssetImportWorker0
-projectPath
C:/Users/HOME/Desktop/GIt/fc02_lecture/battleground
-logFile
Logs/AssetImportWorker0.log
-srvPort
58485
Successfully changed project path to: C:/Users/HOME/Desktop/GIt/fc02_lecture/battleground
C:/Users/HOME/Desktop/GIt/fc02_lecture/battleground
[UnityMemory] Configuration Parameters - Can be set up in boot.config
    "memorysetup-bucket-allocator-granularity=16"
    "memorysetup-bucket-allocator-bucket-count=8"
    "memorysetup-bucket-allocator-block-size=33554432"
    "memorysetup-bucket-allocator-block-count=8"
    "memorysetup-main-allocator-block-size=16777216"
    "memorysetup-thread-allocator-block-size=16777216"
    "memorysetup-gfx-main-allocator-block-size=16777216"
    "memorysetup-gfx-thread-allocator-block-size=16777216"
    "memorysetup-cache-allocator-block-size=4194304"
    "memorysetup-typetree-allocator-block-size=2097152"
    "memorysetup-profiler-bucket-allocator-granularity=16"
    "memorysetup-profiler-bucket-allocator-bucket-count=8"
    "memorysetup-profiler-bucket-allocator-block-size=33554432"
    "memorysetup-profiler-bucket-allocator-block-count=8"
    "memorysetup-profiler-allocator-block-size=16777216"
    "memorysetup-profiler-editor-allocator-block-size=1048576"
    "memorysetup-temp-allocator-size-main=16777216"
    "memorysetup-job-temp-allocator-block-size=2097152"
    "memorysetup-job-temp-allocator-block-size-background=1048576"
    "memorysetup-job-temp-allocator-reduction-small-platforms=262144"
    "memorysetup-temp-allocator-size-background-worker=32768"
    "memorysetup-temp-allocator-size-job-worker=262144"
    "memorysetup-temp-allocator-size-preload-manager=33554432"
    "memorysetup-temp-allocator-size-nav-mesh-worker=65536"
    "memorysetup-temp-allocator-size-audio-worker=65536"
    "memorysetup-temp-allocator-size-cloud-worker=32768"
    "memorysetup-temp-allocator-size-gi-baking-worker=262144"
    "memorysetup-temp-allocator-size-gfx=262144"
Refreshing native plugins compatible for Editor in 37.14 ms, found 2 plugins.
Preloading 0 native plugins for Editor in 0.00 ms.
Initialize engine version: 2021.3.10f1 (1c7d0df0160b)
[Subsystems] Discovering subsystems at path C:/Program Files/Unity/Hub/Editor/2021.3.10f1/Editor/Data/Resources/UnitySubsystems
[Subsystems] Discovering subsystems at path C:/Users/HOME/Desktop/GIt/fc02_lecture/battleground/Assets
GfxDevice: creating device client; threaded=0; jobified=0
Direct3D:
    Version:  Direct3D 11.0 [level 11.1]
    Renderer: NVIDIA GeForce GTX 1060 3GB (ID=0x1b84)
    Vendor:   NVIDIA
    VRAM:     2988 MB
    Driver:   31.0.15.1694
Initialize mono
Mono path[0] = 'C:/Program Files/Unity/Hub/Editor/2021.3.10f1/Editor/Data/Managed'
Mono path[1] = 'C:/Program Files/Unity/Hub/Editor/2021.3.10f1/Editor/Data/MonoBleedingEdge/lib/mono/unityjit-win32'
Mono config path = 'C:/Program Files/Unity/Hub/Editor/2021.3.10f1/Editor/Data/MonoBleedingEdge/etc'
Using monoOptions --debugger-agent=transport=dt_socket,embedding=1,server=y,suspend=n,address=127.0.0.1:56900
Begin MonoManager ReloadAssembly
Registering precompiled unity dll's ...
Register platform support module: C:/Program Files/Unity/Hub/Editor/2021.3.10f1/Editor/Data/PlaybackEngines/WebGLSupport/UnityEditor.WebGL.Extensions.dll
Register platform support module: C:/Program Files/Unity/Hub/Editor/2021.3.10f1/Editor/Data/PlaybackEngines/AndroidPlayer/UnityEditor.Android.Extensions.dll
Register platform support module: C:/Program Files/Unity/Hub/Editor/2021.3.10f1/Editor/Data/PlaybackEngines/WindowsStandaloneSupport/UnityEditor.WindowsStandalone.Extensions.dll
Registered in 0.028002 seconds.
Native extension for WindowsStandalone target not found
Native extension for Android target not found
Native extension for WebGL target not found
Refreshing native plugins compatible for Editor in 34.41 ms, found 2 plugins.
Preloading 0 native plugins for Editor in 0.00 ms.
Mono: successfully reloaded assembly
- Completed reload, in  0.718 seconds
Domain Reload Profiling:
	ReloadAssembly (719ms)
		BeginReloadAssembly (104ms)
			ExecutionOrderSort (0ms)
			DisableScriptedObjects (0ms)
			BackupInstance (0ms)
			ReleaseScriptingObjects (0ms)
			CreateAndSetChildDomain (1ms)
		EndReloadAssembly (443ms)
			LoadAssemblies (100ms)
			RebuildTransferFunctionScriptingTraits (0ms)
			SetupTypeCache (119ms)
			ReleaseScriptCaches (0ms)
			RebuildScriptCaches (26ms)
			SetupLoadedEditorAssemblies (237ms)
				LogAssemblyErrors (0ms)
				InitializePlatformSupportModulesInManaged (66ms)
				SetLoadedEditorAssemblies (0ms)
				RefreshPlugins (34ms)
				BeforeProcessingInitializeOnLoad (1ms)
				ProcessInitializeOnLoadAttributes (92ms)
				ProcessInitializeOnLoadMethodAttributes (43ms)
				AfterProcessingInitializeOnLoad (0ms)
				EditorAssembliesLoaded (0ms)
			ExecutionOrderSort2 (0ms)
			AwakeInstancesAfterBackupRestoration (0ms)
Platform modules already initialized, skipping
Registering precompiled user dll's ...
Registered in 0.007829 seconds.
Begin MonoManager ReloadAssembly
Native extension for WindowsStandalone target not found
Native extension for Android target not found
Native extension for WebGL target not found
Refreshing native plugins compatible for Editor in 0.42 ms, found 2 plugins.
Preloading 0 native plugins for Editor in 0.00 ms.
Mono: successfully reloaded assembly
- Completed reload, in  1.089 seconds
Domain Reload Profiling:
	ReloadAssembly (1090ms)
		BeginReloadAssembly (254ms)
			ExecutionOrderSort (0ms)
			DisableScriptedObjects (5ms)
			BackupInstance (0ms)
			ReleaseScriptingObjects (0ms)
			CreateAndSetChildDomain (133ms)
		EndReloadAssembly (703ms)
			LoadAssemblies (109ms)
			RebuildTransferFunctionScriptingTraits (0ms)
			SetupTypeCache (189ms)
			ReleaseScriptCaches (0ms)
			RebuildScriptCaches (39ms)
			SetupLoadedEditorAssemblies (347ms)
				LogAssemblyErrors (0ms)
				InitializePlatformSupportModulesInManaged (23ms)
				SetLoadedEditorAssemblies (0ms)
				RefreshPlugins (0ms)
				BeforeProcessingInitializeOnLoad (78ms)
				ProcessInitializeOnLoadAttributes (195ms)
				ProcessInitializeOnLoadMethodAttributes (28ms)
				AfterProcessingInitializeOnLoad (22ms)
				EditorAssembliesLoaded (0ms)
			ExecutionOrderSort2 (0ms)
			AwakeInstancesAfterBackupRestoration (8ms)
Platform modules already initialized, skipping
========================================================================
Worker process is ready to serve import requests
Launched and connected shader compiler UnityShaderCompiler.exe after 0.04 seconds
Refreshing native plugins compatible for Editor in 0.41 ms, found 2 plugins.
Preloading 0 native plugins for Editor in 0.00 ms.
Unloading 1719 Unused Serialized files (Serialized files now loaded: 0)
Unloading 21 unused Assets / (48.8 KB). Loaded Objects now: 2186.
Memory consumption went from 74.6 MB to 74.6 MB.
Total: 2.461300 ms (FindLiveObjects: 0.156300 ms CreateObjectMapping: 0.071200 ms MarkObjects: 2.156400 ms  DeleteObjects: 0.076500 ms)

AssetImportParameters requested are different than current active one (requested -> active):
  custom:video-decoder-ogg-theora: a1e56fd34408186e4bbccfd4996cb3dc -> 
  custom:container-muxer-webm: aa71ff27fc2769a1b78a27578f13a17b -> 
  custom:container-demuxer-webm: 4f35f7cbe854078d1ac9338744f61a02 -> 
  custom:video-encoder-webm-vp8: eb34c28f22e8b96e1ab97ce403110664 -> 
  custom:audio-encoder-webm-vorbis: bf7c407c2cedff20999df2af8eb42d56 -> 
  custom:framework-win-MediaFoundation: 216162199b28c13a410421893ffa2e32 -> 
  custom:container-demuxer-ogg: 62fdf1f143b41e24485cea50d1cbac27 -> 
  custom:video-decoder-webm-vp8: 9c59270c3fd7afecdb556c50c9e8de78 -> 
  custom:audio-decoder-ogg-vorbis: bf7c407c2cedff20999df2af8eb42d56 -> 
========================================================================
Received Import Request.
  Time since last request: 330082.207325 seconds.
  path: Assets/1.Scripts/Player/MoveBehaviour.cs
  artifactKey: Guid(6e43a48ee0fc0c54c9a4c9d81a3f9b71) Importer(815301076,1909f56bfc062723c751e8b465ee728b)
Start importing Assets/1.Scripts/Player/MoveBehaviour.cs using Guid(6e43a48ee0fc0c54c9a4c9d81a3f9b71) Importer(815301076,1909f56bfc062723c751e8b465ee728b)  -> (artifact id: 'bb6253876e3f366e73fe612658c6f936') in 0.033232 seconds 
========================================================================
Received Import Request.
  Time since last request: 255.161919 seconds.
  path: Assets/1.Scripts/Player/MoveBehaviour.cs
  artifactKey: Guid(6e43a48ee0fc0c54c9a4c9d81a3f9b71) Importer(815301076,1909f56bfc062723c751e8b465ee728b)
Start importing Assets/1.Scripts/Player/MoveBehaviour.cs using Guid(6e43a48ee0fc0c54c9a4c9d81a3f9b71) Importer(815301076,1909f56bfc062723c751e8b465ee728b)  -> (artifact id: 'a754e3930407561736ff29a454e45cd4') in 0.003596 seconds 
========================================================================
Received Import Request.
  Time since last request: 430.408890 seconds.
  path: Assets/1.Scripts/Player/MoveBehaviour.cs
  artifactKey: Guid(6e43a48ee0fc0c54c9a4c9d81a3f9b71) Importer(815301076,1909f56bfc062723c751e8b465ee728b)
Start importing Assets/1.Scripts/Player/MoveBehaviour.cs using Guid(6e43a48ee0fc0c54c9a4c9d81a3f9b71) Importer(815301076,1909f56bfc062723c751e8b465ee728b)  -> (artifact id: 'a4ff7657ae4ca35c63736b1079c53624') in 0.004250 seconds 
========================================================================
Received Import Request.
  Time since last request: 1215.772752 seconds.
  path: Assets/1.Scripts/Player/MoveBehaviour.cs
  artifactKey: Guid(6e43a48ee0fc0c54c9a4c9d81a3f9b71) Importer(815301076,1909f56bfc062723c751e8b465ee728b)
Start importing Assets/1.Scripts/Player/MoveBehaviour.cs using Guid(6e43a48ee0fc0c54c9a4c9d81a3f9b71) Importer(815301076,1909f56bfc062723c751e8b465ee728b)  -> (artifact id: 'f0116844bcbc94f61bbaa927ddb3ca2f') in 0.004873 seconds 
========================================================================
Received Import Request.
  Time since last request: 469.617013 seconds.
  path: Assets/1.Scripts/Player/MoveBehaviour.cs
  artifactKey: Guid(6e43a48ee0fc0c54c9a4c9d81a3f9b71) Importer(815301076,1909f56bfc062723c751e8b465ee728b)
Start importing Assets/1.Scripts/Player/MoveBehaviour.cs using Guid(6e43a48ee0fc0c54c9a4c9d81a3f9b71) Importer(815301076,1909f56bfc062723c751e8b465ee728b)  -> (artifact id: '6df78b78b5f95ad2d5da2464a2979c22') in 0.004049 seconds 
========================================================================
Received Import Request.
  Time since last request: 94.539868 seconds.
  path: Assets/1.Scripts/Player/MoveBehaviour.cs
  artifactKey: Guid(6e43a48ee0fc0c54c9a4c9d81a3f9b71) Importer(815301076,1909f56bfc062723c751e8b465ee728b)
Start importing Assets/1.Scripts/Player/MoveBehaviour.cs using Guid(6e43a48ee0fc0c54c9a4c9d81a3f9b71) Importer(815301076,1909f56bfc062723c751e8b465ee728b)  -> (artifact id: '78a1a19c1833915534ebefe46ef72162') in 0.002077 seconds 
========================================================================
Received Import Request.
  Time since last request: 20.728058 seconds.
  path: Assets/1.Scripts/Player/MoveBehaviour.cs
  artifactKey: Guid(6e43a48ee0fc0c54c9a4c9d81a3f9b71) Importer(815301076,1909f56bfc062723c751e8b465ee728b)
Start importing Assets/1.Scripts/Player/MoveBehaviour.cs using Guid(6e43a48ee0fc0c54c9a4c9d81a3f9b71) Importer(815301076,1909f56bfc062723c751e8b465ee728b)  -> (artifact id: '85637a84b29902425cd4d34d143afece') in 0.002995 seconds 
========================================================================
Received Import Request.
  Time since last request: 29.765956 seconds.
  path: Assets/1.Scripts/Player/MoveBehaviour.cs
  artifactKey: Guid(6e43a48ee0fc0c54c9a4c9d81a3f9b71) Importer(815301076,1909f56bfc062723c751e8b465ee728b)
Start importing Assets/1.Scripts/Player/MoveBehaviour.cs using Guid(6e43a48ee0fc0c54c9a4c9d81a3f9b71) Importer(815301076,1909f56bfc062723c751e8b465ee728b)  -> (artifact id: 'c23f7833ccf3adbe0ecd4527e8d04dce') in 0.001860 seconds 
========================================================================
Received Import Request.
  Time since last request: 215.977450 seconds.
  path: Assets/1.Scripts/Player/MoveBehaviour.cs
  artifactKey: Guid(6e43a48ee0fc0c54c9a4c9d81a3f9b71) Importer(815301076,1909f56bfc062723c751e8b465ee728b)
Start importing Assets/1.Scripts/Player/MoveBehaviour.cs using Guid(6e43a48ee0fc0c54c9a4c9d81a3f9b71) Importer(815301076,1909f56bfc062723c751e8b465ee728b)  -> (artifact id: 'b4137eead673a291fde0c3a2c841c942') in 0.001990 seconds 
========================================================================
Received Import Request.
  Time since last request: 174.431705 seconds.
  path: Assets/1.Scripts/Player/MoveBehaviour.cs
  artifactKey: Guid(6e43a48ee0fc0c54c9a4c9d81a3f9b71) Importer(815301076,1909f56bfc062723c751e8b465ee728b)
Start importing Assets/1.Scripts/Player/MoveBehaviour.cs using Guid(6e43a48ee0fc0c54c9a4c9d81a3f9b71) Importer(815301076,1909f56bfc062723c751e8b465ee728b)  -> (artifact id: 'b739063969d7a1436708238e67ebdc04') in 0.003871 seconds 
========================================================================
Received Import Request.
  Time since last request: 1.447260 seconds.
  path: Assets/1.Scripts/Player/MoveBehaviour.cs
  artifactKey: Guid(6e43a48ee0fc0c54c9a4c9d81a3f9b71) Importer(815301076,1909f56bfc062723c751e8b465ee728b)
Start importing Assets/1.Scripts/Player/MoveBehaviour.cs using Guid(6e43a48ee0fc0c54c9a4c9d81a3f9b71) Importer(815301076,1909f56bfc062723c751e8b465ee728b)  -> (artifact id: '7a1343c80cbd2ff24f8ab543a627e07e') in 0.001684 seconds 
========================================================================
Received Import Request.
  Time since last request: 21.587681 seconds.
  path: Assets/1.Scripts/Player/MoveBehaviour.cs
  artifactKey: Guid(6e43a48ee0fc0c54c9a4c9d81a3f9b71) Importer(815301076,1909f56bfc062723c751e8b465ee728b)
Start importing Assets/1.Scripts/Player/MoveBehaviour.cs using Guid(6e43a48ee0fc0c54c9a4c9d81a3f9b71) Importer(815301076,1909f56bfc062723c751e8b465ee728b)  -> (artifact id: '1a3f0114b46e1f638a2871ef25c2ae92') in 0.004924 seconds 
========================================================================
Received Import Request.
  Time since last request: 186.944042 seconds.
  path: Assets/1.Scripts/Player/MoveBehaviour.cs
  artifactKey: Guid(6e43a48ee0fc0c54c9a4c9d81a3f9b71) Importer(815301076,1909f56bfc062723c751e8b465ee728b)
Start importing Assets/1.Scripts/Player/MoveBehaviour.cs using Guid(6e43a48ee0fc0c54c9a4c9d81a3f9b71) Importer(815301076,1909f56bfc062723c751e8b465ee728b)  -> (artifact id: '66a4406ea5ee71ac437ce885ab1c55d3') in 0.004928 seconds 
========================================================================
Received Import Request.
  Time since last request: 109.046096 seconds.
  path: Assets/1.Scripts/Player/MoveBehaviour.cs
  artifactKey: Guid(6e43a48ee0fc0c54c9a4c9d81a3f9b71) Importer(815301076,1909f56bfc062723c751e8b465ee728b)
Start importing Assets/1.Scripts/Player/MoveBehaviour.cs using Guid(6e43a48ee0fc0c54c9a4c9d81a3f9b71) Importer(815301076,1909f56bfc062723c751e8b465ee728b)  -> (artifact id: 'bb4b31483e884429277c1686ebf64c7b') in 0.002551 seconds 
========================================================================
Received Import Request.
  Time since last request: 227.152485 seconds.
  path: Assets/1.Scripts/Player/MoveBehaviour.cs
  artifactKey: Guid(6e43a48ee0fc0c54c9a4c9d81a3f9b71) Importer(815301076,1909f56bfc062723c751e8b465ee728b)
Start importing Assets/1.Scripts/Player/MoveBehaviour.cs using Guid(6e43a48ee0fc0c54c9a4c9d81a3f9b71) Importer(815301076,1909f56bfc062723c751e8b465ee728b)  -> (artifact id: 'b73b6fb075c618e3748f75f396325008') in 0.002338 seconds 
========================================================================
Received Import Request.
  Time since last request: 213.499141 seconds.
  path: Assets/1.Scripts/Player/MoveBehaviour.cs
  artifactKey: Guid(6e43a48ee0fc0c54c9a4c9d81a3f9b71) Importer(815301076,1909f56bfc062723c751e8b465ee728b)
Start importing Assets/1.Scripts/Player/MoveBehaviour.cs using Guid(6e43a48ee0fc0c54c9a4c9d81a3f9b71) Importer(815301076,1909f56bfc062723c751e8b465ee728b)  -> (artifact id: '47f0751d87f5e947edfe13a889df4f7f') in 0.002287 seconds 
========================================================================
Received Prepare
Registering precompiled user dll's ...
Registered in 0.008194 seconds.
Begin MonoManager ReloadAssembly
Native extension for WindowsStandalone target not found
Native extension for Android target not found
Native extension for WebGL target not found
Refreshing native plugins compatible for Editor in 0.42 ms, found 2 plugins.
Preloading 0 native plugins for Editor in 0.00 ms.
Mono: successfully reloaded assembly
- Completed reload, in  1.043 seconds
Domain Reload Profiling:
	ReloadAssembly (1044ms)
		BeginReloadAssembly (227ms)
			ExecutionOrderSort (0ms)
			DisableScriptedObjects (16ms)
			BackupInstance (0ms)
			ReleaseScriptingObjects (0ms)
			CreateAndSetChildDomain (65ms)
		EndReloadAssembly (699ms)
			LoadAssemblies (126ms)
			RebuildTransferFunctionScriptingTraits (0ms)
			SetupTypeCache (200ms)
			ReleaseScriptCaches (1ms)
			RebuildScriptCaches (32ms)
			SetupLoadedEditorAssemblies (335ms)
				LogAssemblyErrors (0ms)
				InitializePlatformSupportModulesInManaged (31ms)
				SetLoadedEditorAssemblies (1ms)
				RefreshPlugins (0ms)
				BeforeProcessingInitializeOnLoad (74ms)
				ProcessInitializeOnLoadAttributes (181ms)
				ProcessInitializeOnLoadMethodAttributes (26ms)
				AfterProcessingInitializeOnLoad (21ms)
				EditorAssembliesLoaded (0ms)
			ExecutionOrderSort2 (0ms)
			AwakeInstancesAfterBackupRestoration (8ms)
Platform modules already initialized, skipping
Refreshing native plugins compatible for Editor in 2.03 ms, found 2 plugins.
Preloading 0 native plugins for Editor in 0.00 ms.
Unloading 1711 Unused Serialized files (Serialized files now loaded: 0)
Unloading 14 unused Assets / (24.7 KB). Loaded Objects now: 2189.
Memory consumption went from 74.2 MB to 74.2 MB.
Total: 2.947300 ms (FindLiveObjects: 0.130400 ms CreateObjectMapping: 0.045400 ms MarkObjects: 2.732900 ms  DeleteObjects: 0.037800 ms)

AssetImportParameters requested are different than current active one (requested -> active):
  custom:video-decoder-ogg-theora: a1e56fd34408186e4bbccfd4996cb3dc -> 
  custom:container-muxer-webm: aa71ff27fc2769a1b78a27578f13a17b -> 
  custom:container-demuxer-webm: 4f35f7cbe854078d1ac9338744f61a02 -> 
  custom:video-encoder-webm-vp8: eb34c28f22e8b96e1ab97ce403110664 -> 
  custom:audio-encoder-webm-vorbis: bf7c407c2cedff20999df2af8eb42d56 -> 
  custom:framework-win-MediaFoundation: 216162199b28c13a410421893ffa2e32 -> 
  custom:container-demuxer-ogg: 62fdf1f143b41e24485cea50d1cbac27 -> 
  custom:video-decoder-webm-vp8: 9c59270c3fd7afecdb556c50c9e8de78 -> 
  custom:audio-decoder-ogg-vorbis: bf7c407c2cedff20999df2af8eb42d56 -> 
